On fileData[0]:
Instruction: {
  opcode = 0
  operandCount = 0
}

On fileData[2]:
Instruction: {
  opcode = 21
  operandCount = 0
}

On fileData[4]:
Instruction: {
  opcode = 21
  operandCount = 1
  operands[0] = {
    type = Reg
    reg = 3
  }
}

On fileData[10]:
Instruction: {
  opcode = 21
  operandCount = 2
  operands[0] = {
    type = Reg
    reg = 3
  }
  operands[1] = {
    type = Immediate
    immediate.size = 4
    immediate.value = 305419896
  }
}

Matched instruction to signature:
InstructionSignature: {
  preference = 1
  opcode = 21
  mode = 9
  operands[0] = 2
  operands[1] = 5
  operands[2] = 0
  opcodeBytesLength = 1
  opcodeBytes = 184
  immediate = 3
}

Writing opcode: ptr = 0
Writing immediate: ptr = 1
On fileData[12]:
Instruction: {
  opcode = 0
  operandCount = 0
}

On fileData[14]:
Instruction: {
  opcode = 0
  operandCount = 1
  operands[0] = {
    type = Reg
    reg = 1
  }
}

On fileData[18]:
Instruction: {
  opcode = 0
  operandCount = 2
  operands[0] = {
    type = Reg
    reg = 1
  }
  operands[1] = {
    type = Mem
    mem.reg = 3
    mem.offsetSize = 1
    mem.offset = 16
  }
}

Matched instruction to signature:
InstructionSignature: {
  preference = 2
  opcode = 0
  mode = 8
  operands[0] = 2
  operands[1] = 1
  operands[2] = 0
  opcodeBytesLength = 1
  opcodeBytes = 3
  immediate = 0
}

Writing opcode: ptr = 10
Writing modrm: ptr = 11
Writing displacement: ptr = 12
On fileData[20]:
Instruction: {
  opcode = 1
  operandCount = 0
}

On fileData[22]:
Instruction: {
  opcode = 1
  operandCount = 1
  operands[0] = {
    type = Reg
    reg = 2
  }
}

On fileData[26]:
Instruction: {
  opcode = 1
  operandCount = 2
  operands[0] = {
    type = Reg
    reg = 2
  }
  operands[1] = {
    type = Mem
    mem.reg = 1
    mem.offsetSize = 1
    mem.offset = 32
  }
}

Matched instruction to signature:
InstructionSignature: {
  preference = 2
  opcode = 1
  mode = 8
  operands[0] = 2
  operands[1] = 1
  operands[2] = 0
  opcodeBytesLength = 1
  opcodeBytes = 43
  immediate = 0
}

Writing opcode: ptr = 16
Writing modrm: ptr = 17
Writing displacement: ptr = 18
On fileData[28]:
Instruction: {
  opcode = 9
  operandCount = 0
}

On fileData[30]:
Instruction: {
  opcode = 9
  operandCount = 1
  operands[0] = {
    type = Reg
    reg = 0
  }
}

On fileData[32]:
Instruction: {
  opcode = 9
  operandCount = 2
  operands[0] = {
    type = Reg
    reg = 0
  }
  operands[1] = {
    type = Reg
    reg = 3
  }
}

Matched instruction to signature:
InstructionSignature: {
  preference = 2
  opcode = 9
  mode = 8
  operands[0] = 1
  operands[1] = 2
  operands[2] = 0
  opcodeBytesLength = 1
  opcodeBytes = 49
  immediate = 0
}

Writing opcode: ptr = 22
Writing modrm: ptr = 23
On fileData[34]:
Instruction: {
  opcode = 21
  operandCount = 0
}

On fileData[36]:
Instruction: {
  opcode = 21
  operandCount = 1
  operands[0] = {
    type = Reg
    reg = 6
  }
}

Matched instruction to signature:
InstructionSignature: {
  preference = 2
  opcode = 21
  mode = 8
  operands[0] = 2
  operands[1] = 1
  operands[2] = 0
  opcodeBytesLength = 1
  opcodeBytes = 139
  immediate = 0
}

Writing opcode: ptr = 26
Writing modrm: ptr = 27
Writing displacement: ptr = 28
